
bb_init()
    conn:
    proto_major = 7
    proto_minor = 26
    async_read = 1
    max_write = 131072
    max_readahead = 131072
    capable = 00000ffb
    want = 00000010
    max_background = 0
    congestion_threshold = 0
    context:
    fuse = 05895d00
    uid = 0
    gid = 0
    pid = 0
    private_data = 0588c040
    logfile = 0588d0d0
    rootdir = /home/hj110/FUSE/rootdir
    umask = 00000

bb_getattr(path="/")
    bb_fullpath:  rootdir = "/home/hj110/FUSE/rootdir", path = "/", fpath = "/home/hj110/FUSE/rootdir/"

bb_getattr(path="/")
    bb_fullpath:  rootdir = "/home/hj110/FUSE/rootdir", path = "/", fpath = "/home/hj110/FUSE/rootdir/"
    bb_fullpath:  rootdir = "/home/hj110/FUSE/rootdir", path = "/", fpath = "/home/hj110/FUSE/rootdir/"

bb_opendir(path="/", fi=0xfefffb80)
    bb_fullpath:  rootdir = "/home/hj110/FUSE/rootdir", path = "/", fpath = "/home/hj110/FUSE/rootdir/"

bb_getattr(path="/")
    bb_fullpath:  rootdir = "/home/hj110/FUSE/rootdir", path = "/", fpath = "/home/hj110/FUSE/rootdir/"

bb_readdir(path="/", buf=0x058ee110, filler=0x04e43d00, offset=0, fi=0xfefffb80)
Ready to fill in dirent .
Ready to fill in dirent ..
Ready to fill in dirent secret.txt
Ready to fill in dirent secret_file.txt
Ready to fill in dirent bogus.txt
Ready to fill in dirent testdir

bb_getattr(path="/secret.txt")
    bb_fullpath:  rootdir = "/home/hj110/FUSE/rootdir", path = "/secret.txt", fpath = "/home/hj110/FUSE/rootdir/secret.txt"

bb_getattr(path="/secret_file.txt")
    bb_fullpath:  rootdir = "/home/hj110/FUSE/rootdir", path = "/secret_file.txt", fpath = "/home/hj110/FUSE/rootdir/secret_file.txt"

bb_getattr(path="/bogus.txt")
    bb_fullpath:  rootdir = "/home/hj110/FUSE/rootdir", path = "/bogus.txt", fpath = "/home/hj110/FUSE/rootdir/bogus.txt"

bb_getattr(path="/testdir")
    bb_fullpath:  rootdir = "/home/hj110/FUSE/rootdir", path = "/testdir", fpath = "/home/hj110/FUSE/rootdir/testdir"

bb_releasedir(path="/", fi=0xfefffb90)

bb_opendir(path="/", fi=0xfefffb80)
    bb_fullpath:  rootdir = "/home/hj110/FUSE/rootdir", path = "/", fpath = "/home/hj110/FUSE/rootdir/"

bb_getattr(path="/")
    bb_fullpath:  rootdir = "/home/hj110/FUSE/rootdir", path = "/", fpath = "/home/hj110/FUSE/rootdir/"

bb_readdir(path="/", buf=0x05915d40, filler=0x04e43d00, offset=0, fi=0xfefffb80)
Ready to fill in dirent .
Ready to fill in dirent ..
Ready to fill in dirent secret.txt
Ready to fill in dirent secret_file.txt
Ready to fill in dirent bogus.txt
Ready to fill in dirent testdir

bb_getattr(path="/secret.txt")
    bb_fullpath:  rootdir = "/home/hj110/FUSE/rootdir", path = "/secret.txt", fpath = "/home/hj110/FUSE/rootdir/secret.txt"

bb_getattr(path="/secret_file.txt")
    bb_fullpath:  rootdir = "/home/hj110/FUSE/rootdir", path = "/secret_file.txt", fpath = "/home/hj110/FUSE/rootdir/secret_file.txt"

bb_getattr(path="/bogus.txt")
    bb_fullpath:  rootdir = "/home/hj110/FUSE/rootdir", path = "/bogus.txt", fpath = "/home/hj110/FUSE/rootdir/bogus.txt"

bb_getattr(path="/testdir")
    bb_fullpath:  rootdir = "/home/hj110/FUSE/rootdir", path = "/testdir", fpath = "/home/hj110/FUSE/rootdir/testdir"

bb_releasedir(path="/", fi=0xfefffb90)

bb_opendir(path="/", fi=0xfefffb80)
    bb_fullpath:  rootdir = "/home/hj110/FUSE/rootdir", path = "/", fpath = "/home/hj110/FUSE/rootdir/"

bb_getattr(path="/")
    bb_fullpath:  rootdir = "/home/hj110/FUSE/rootdir", path = "/", fpath = "/home/hj110/FUSE/rootdir/"

bb_readdir(path="/", buf=0x0593d970, filler=0x04e43d00, offset=0, fi=0xfefffb80)
Ready to fill in dirent .
Ready to fill in dirent ..
Ready to fill in dirent secret.txt
Ready to fill in dirent secret_file.txt
Ready to fill in dirent bogus.txt
Ready to fill in dirent testdir

bb_releasedir(path="/", fi=0xfefffb90)

bb_getattr(path="/bogus.txt")
    bb_fullpath:  rootdir = "/home/hj110/FUSE/rootdir", path = "/bogus.txt", fpath = "/home/hj110/FUSE/rootdir/bogus.txt"

bb_opendir(path="/", fi=0xfefffb80)
    bb_fullpath:  rootdir = "/home/hj110/FUSE/rootdir", path = "/", fpath = "/home/hj110/FUSE/rootdir/"

bb_getattr(path="/")
    bb_fullpath:  rootdir = "/home/hj110/FUSE/rootdir", path = "/", fpath = "/home/hj110/FUSE/rootdir/"

bb_readdir(path="/", buf=0x05956930, filler=0x04e43d00, offset=0, fi=0xfefffb80)
Ready to fill in dirent .
Ready to fill in dirent ..
Ready to fill in dirent secret.txt
Ready to fill in dirent secret_file.txt
Ready to fill in dirent bogus.txt
Ready to fill in dirent testdir

bb_releasedir(path="/", fi=0xfefffb90)

bb_getattr(path="/")
    bb_fullpath:  rootdir = "/home/hj110/FUSE/rootdir", path = "/", fpath = "/home/hj110/FUSE/rootdir/"

bb_getattr(path="/link")
    bb_fullpath:  rootdir = "/home/hj110/FUSE/rootdir", path = "/link", fpath = "/home/hj110/FUSE/rootdir/link"
Get attribute error with errno 2

bb_getattr(path="/bogus.txt")
    bb_fullpath:  rootdir = "/home/hj110/FUSE/rootdir", path = "/bogus.txt", fpath = "/home/hj110/FUSE/rootdir/bogus.txt"

bb_getattr(path="/link")
    bb_fullpath:  rootdir = "/home/hj110/FUSE/rootdir", path = "/link", fpath = "/home/hj110/FUSE/rootdir/link"
Get attribute error with errno 2

bb_link(path="/bogus.txt", newpath="/link")
    bb_fullpath:  rootdir = "/home/hj110/FUSE/rootdir", path = "/bogus.txt", fpath = "/home/hj110/FUSE/rootdir/bogus.txt"
    bb_fullpath:  rootdir = "/home/hj110/FUSE/rootdir", path = "/link", fpath = "/home/hj110/FUSE/rootdir/link"

bb_getattr(path="/link")
    bb_fullpath:  rootdir = "/home/hj110/FUSE/rootdir", path = "/link", fpath = "/home/hj110/FUSE/rootdir/link"

bb_opendir(path="/", fi=0xfefffb80)
    bb_fullpath:  rootdir = "/home/hj110/FUSE/rootdir", path = "/", fpath = "/home/hj110/FUSE/rootdir/"

bb_getattr(path="/")
    bb_fullpath:  rootdir = "/home/hj110/FUSE/rootdir", path = "/", fpath = "/home/hj110/FUSE/rootdir/"

bb_readdir(path="/", buf=0x05988240, filler=0x04e43d00, offset=0, fi=0xfefffb80)
Ready to fill in dirent .
Ready to fill in dirent ..
Ready to fill in dirent secret.txt
Ready to fill in dirent secret_file.txt
Ready to fill in dirent bogus.txt
Ready to fill in dirent testdir
Ready to fill in dirent link

bb_getattr(path="/secret.txt")
    bb_fullpath:  rootdir = "/home/hj110/FUSE/rootdir", path = "/secret.txt", fpath = "/home/hj110/FUSE/rootdir/secret.txt"

bb_getattr(path="/secret_file.txt")
    bb_fullpath:  rootdir = "/home/hj110/FUSE/rootdir", path = "/secret_file.txt", fpath = "/home/hj110/FUSE/rootdir/secret_file.txt"

bb_getattr(path="/bogus.txt")
    bb_fullpath:  rootdir = "/home/hj110/FUSE/rootdir", path = "/bogus.txt", fpath = "/home/hj110/FUSE/rootdir/bogus.txt"

bb_getattr(path="/testdir")
    bb_fullpath:  rootdir = "/home/hj110/FUSE/rootdir", path = "/testdir", fpath = "/home/hj110/FUSE/rootdir/testdir"

bb_getattr(path="/link")
    bb_fullpath:  rootdir = "/home/hj110/FUSE/rootdir", path = "/link", fpath = "/home/hj110/FUSE/rootdir/link"

bb_releasedir(path="/", fi=0xfefffb90)

bb_opendir(path="/", fi=0xfefffb80)
    bb_fullpath:  rootdir = "/home/hj110/FUSE/rootdir", path = "/", fpath = "/home/hj110/FUSE/rootdir/"

bb_getattr(path="/")
    bb_fullpath:  rootdir = "/home/hj110/FUSE/rootdir", path = "/", fpath = "/home/hj110/FUSE/rootdir/"

bb_readdir(path="/", buf=0x059b4d40, filler=0x04e43d00, offset=0, fi=0xfefffb80)
Ready to fill in dirent .
Ready to fill in dirent ..
Ready to fill in dirent secret.txt
Ready to fill in dirent secret_file.txt
Ready to fill in dirent bogus.txt
Ready to fill in dirent testdir
Ready to fill in dirent link

bb_releasedir(path="/", fi=0xfefffb90)

bb_getattr(path="/link")
    bb_fullpath:  rootdir = "/home/hj110/FUSE/rootdir", path = "/link", fpath = "/home/hj110/FUSE/rootdir/link"

bb_opendir(path="/", fi=0xfefffb80)
    bb_fullpath:  rootdir = "/home/hj110/FUSE/rootdir", path = "/", fpath = "/home/hj110/FUSE/rootdir/"

bb_getattr(path="/")
    bb_fullpath:  rootdir = "/home/hj110/FUSE/rootdir", path = "/", fpath = "/home/hj110/FUSE/rootdir/"

bb_readdir(path="/", buf=0x059cdd00, filler=0x04e43d00, offset=0, fi=0xfefffb80)
Ready to fill in dirent .
Ready to fill in dirent ..
Ready to fill in dirent secret.txt
Ready to fill in dirent secret_file.txt
Ready to fill in dirent bogus.txt
Ready to fill in dirent testdir
Ready to fill in dirent link

bb_releasedir(path="/", fi=0xfefffb90)

bb_getattr(path="/")
    bb_fullpath:  rootdir = "/home/hj110/FUSE/rootdir", path = "/", fpath = "/home/hj110/FUSE/rootdir/"

bb_open(path"/link", fi=0xfefffc40)
    bb_fullpath:  rootdir = "/home/hj110/FUSE/rootdir", path = "/link", fpath = "/home/hj110/FUSE/rootdir/link"

bb_read(path"/link", fi=0xfefffc40)
Read for fd 6 has finished

bb_getattr(path="/link")
    bb_fullpath:  rootdir = "/home/hj110/FUSE/rootdir", path = "/link", fpath = "/home/hj110/FUSE/rootdir/link"

bb_flush(path="/link", fi=0xfefffc40)
    fi:
    flags = 0x00000000
    fh_old = 0x00000006
    writepage = 0
    direct_io = 0
    keep_cache = 0
    fh = 0x0000000000000006
    lock_owner = 0xced9cfbcc2c1efc7

bb_release(path="/link", fi=0xfefffc40)
Close file error with errno 20

bb_getattr(path="/")
    bb_fullpath:  rootdir = "/home/hj110/FUSE/rootdir", path = "/", fpath = "/home/hj110/FUSE/rootdir/"

bb_opendir(path="/", fi=0xfefffb80)
    bb_fullpath:  rootdir = "/home/hj110/FUSE/rootdir", path = "/", fpath = "/home/hj110/FUSE/rootdir/"

bb_readdir(path="/", buf=0x05a00990, filler=0x04e43d00, offset=0, fi=0xfefffb80)
Ready to fill in dirent .
Ready to fill in dirent ..
Ready to fill in dirent secret.txt
Ready to fill in dirent secret_file.txt
Ready to fill in dirent bogus.txt
Ready to fill in dirent testdir
Ready to fill in dirent link

bb_releasedir(path="/", fi=0xfefffb90)

bb_getattr(path="/bogus.txt")
    bb_fullpath:  rootdir = "/home/hj110/FUSE/rootdir", path = "/bogus.txt", fpath = "/home/hj110/FUSE/rootdir/bogus.txt"

bb_getattr(path="/link")
    bb_fullpath:  rootdir = "/home/hj110/FUSE/rootdir", path = "/link", fpath = "/home/hj110/FUSE/rootdir/link"

bb_getattr(path="/secret.txt")
    bb_fullpath:  rootdir = "/home/hj110/FUSE/rootdir", path = "/secret.txt", fpath = "/home/hj110/FUSE/rootdir/secret.txt"

bb_getattr(path="/secret_file.txt")
    bb_fullpath:  rootdir = "/home/hj110/FUSE/rootdir", path = "/secret_file.txt", fpath = "/home/hj110/FUSE/rootdir/secret_file.txt"

bb_getattr(path="/testdir")
    bb_fullpath:  rootdir = "/home/hj110/FUSE/rootdir", path = "/testdir", fpath = "/home/hj110/FUSE/rootdir/testdir"

bb_getattr(path="/")
    bb_fullpath:  rootdir = "/home/hj110/FUSE/rootdir", path = "/", fpath = "/home/hj110/FUSE/rootdir/"

bb_opendir(path="/", fi=0xfefffb80)
    bb_fullpath:  rootdir = "/home/hj110/FUSE/rootdir", path = "/", fpath = "/home/hj110/FUSE/rootdir/"

bb_readdir(path="/", buf=0x05a2d490, filler=0x04e43d00, offset=0, fi=0xfefffb80)
Ready to fill in dirent .
Ready to fill in dirent ..
Ready to fill in dirent secret.txt
Ready to fill in dirent secret_file.txt
Ready to fill in dirent bogus.txt
Ready to fill in dirent testdir
Ready to fill in dirent link

bb_releasedir(path="/", fi=0xfefffb90)

bb_getattr(path="/softlink")
    bb_fullpath:  rootdir = "/home/hj110/FUSE/rootdir", path = "/softlink", fpath = "/home/hj110/FUSE/rootdir/softlink"
Get attribute error with errno 2

bb_getattr(path="/softlink")
    bb_fullpath:  rootdir = "/home/hj110/FUSE/rootdir", path = "/softlink", fpath = "/home/hj110/FUSE/rootdir/softlink"
Get attribute error with errno 2

bb_symlink(path="bogus.txt", link="/softlink")
    bb_fullpath:  rootdir = "/home/hj110/FUSE/rootdir", path = "bogus.txt", fpath = "/home/hj110/FUSE/rootdir/bogus.txt"
    bb_fullpath:  rootdir = "/home/hj110/FUSE/rootdir", path = "/softlink", fpath = "/home/hj110/FUSE/rootdir/softlink"

bb_getattr(path="/softlink")
    bb_fullpath:  rootdir = "/home/hj110/FUSE/rootdir", path = "/softlink", fpath = "/home/hj110/FUSE/rootdir/softlink"

bb_opendir(path="/", fi=0xfefffb80)
    bb_fullpath:  rootdir = "/home/hj110/FUSE/rootdir", path = "/", fpath = "/home/hj110/FUSE/rootdir/"

bb_getattr(path="/")
    bb_fullpath:  rootdir = "/home/hj110/FUSE/rootdir", path = "/", fpath = "/home/hj110/FUSE/rootdir/"

bb_readdir(path="/", buf=0x05a4fff0, filler=0x04e43d00, offset=0, fi=0xfefffb80)
Ready to fill in dirent .
Ready to fill in dirent ..
Ready to fill in dirent secret.txt
Ready to fill in dirent secret_file.txt
Ready to fill in dirent bogus.txt
Ready to fill in dirent testdir
Ready to fill in dirent link
Ready to fill in dirent softlink

bb_getattr(path="/secret.txt")
    bb_fullpath:  rootdir = "/home/hj110/FUSE/rootdir", path = "/secret.txt", fpath = "/home/hj110/FUSE/rootdir/secret.txt"

bb_getattr(path="/secret_file.txt")
    bb_fullpath:  rootdir = "/home/hj110/FUSE/rootdir", path = "/secret_file.txt", fpath = "/home/hj110/FUSE/rootdir/secret_file.txt"

bb_getattr(path="/bogus.txt")
    bb_fullpath:  rootdir = "/home/hj110/FUSE/rootdir", path = "/bogus.txt", fpath = "/home/hj110/FUSE/rootdir/bogus.txt"

bb_getattr(path="/testdir")
    bb_fullpath:  rootdir = "/home/hj110/FUSE/rootdir", path = "/testdir", fpath = "/home/hj110/FUSE/rootdir/testdir"

bb_getattr(path="/link")
    bb_fullpath:  rootdir = "/home/hj110/FUSE/rootdir", path = "/link", fpath = "/home/hj110/FUSE/rootdir/link"

bb_getattr(path="/softlink")
    bb_fullpath:  rootdir = "/home/hj110/FUSE/rootdir", path = "/softlink", fpath = "/home/hj110/FUSE/rootdir/softlink"

bb_readlink(path="/softlink", size=4097)
    bb_fullpath:  rootdir = "/home/hj110/FUSE/rootdir", path = "/softlink", fpath = "/home/hj110/FUSE/rootdir/softlink"
Return message of readlink is /home/hj110/FUSE/rootdir/bogus.txt

bb_releasedir(path="/", fi=0xfefffb90)

bb_destroy(userdata=0x0588c040)
